<?xml version="1.0" encoding="UTF-8"?>
<testsuite name="EmployeePayrollTest" tests="1" skipped="0" failures="0" errors="0" timestamp="2022-04-16T14:15:03" hostname="LAPTOP-5VG3FQ72" time="0.059">
  <properties/>
  <testcase name="shouldAnswerWithTrue()" classname="EmployeePayrollTest" time="0.059"/>
  <system-out><![CDATA[]]></system-out>
  <system-err><![CDATA[]]></system-err>
</testsuite>
